Easy-filer-/android/app/build/intermediates/manifest_merge_blame_file/release/manifest-merger-blame-release-report.txt
1<?xml version="1.0" encoding="utf-8"?>
2<manifest xmlns:android="http://schemas.android.com/apk/res/android"
3    package="com.easyfiler"
4    android:versionCode="2"
5    android:versionName="1.0" >
6
7    <uses-sdk
8        android:minSdkVersion="23"
9        android:targetSdkVersion="34" />
10
11    <uses-permission android:name="android.permission.INTERNET" />
11-->src\main\AndroidManifest.xml:3:5-67
11-->src\main\AndroidManifest.xml:3:22-64
12
13    <uses-feature
13-->src\main\AndroidManifest.xml:4:5-85
14        android:name="android.hardware.camera"
14-->src\main\AndroidManifest.xml:4:19-57
15        android:required="false" />
15-->src\main\AndroidManifest.xml:4:58-82
16    <uses-feature
16-->src\main\AndroidManifest.xml:5:5-91
17        android:name="android.hardware.camera.front"
17-->src\main\AndroidManifest.xml:5:19-63
18        android:required="false" />
18-->src\main\AndroidManifest.xml:5:64-88
19
20    <uses-permission android:name="android.permission.READ_MEDIA_IMAGES" />
20-->src\main\AndroidManifest.xml:6:5-75
20-->src\main\AndroidManifest.xml:6:22-73
21    <uses-permission android:name="android.permission.CAMERA" />
21-->src\main\AndroidManifest.xml:7:5-64
21-->src\main\AndroidManifest.xml:7:22-62
22
23    <queries>
23-->[:react-native-image-crop-picker] AndroidManifest.xml:7:5-11:15
24        <intent>
24-->[:react-native-image-crop-picker] AndroidManifest.xml:8:9-10:18
25            <action android:name="android.media.action.IMAGE_CAPTURE" />
25-->[:react-native-image-crop-picker] AndroidManifest.xml:9:13-73
25-->[:react-native-image-crop-picker] AndroidManifest.xml:9:21-70
26        </intent>
27    </queries>
28
29    <uses-permission android:name="android.permission.WRITE_EXTERNAL_STORAGE" />
29-->[:react-native-image-crop-picker] AndroidManifest.xml:13:5-81
29-->[:react-native-image-crop-picker] AndroidManifest.xml:13:22-78
30    <uses-permission android:name="android.permission.READ_EXTERNAL_STORAGE" />
31
32    <permission
32-->[androidx.core:core:1.9.0] AndroidManifest.xml:22:5-24:47
33        android:name="com.easyfiler.DYNAMIC_RECEIVER_NOT_EXPORTED_PERMISSION"
33-->[androidx.core:core:1.9.0] AndroidManifest.xml:23:9-81
34        android:protectionLevel="signature" />
34-->[androidx.core:core:1.9.0] AndroidManifest.xml:24:9-44
35
36    <uses-permission android:name="com.easyfiler.DYNAMIC_RECEIVER_NOT_EXPORTED_PERMISSION" />
36-->[androidx.core:core:1.9.0] AndroidManifest.xml:26:5-97
36-->[androidx.core:core:1.9.0] AndroidManifest.xml:26:22-94
37
38    <application
38-->src\main\AndroidManifest.xml:10:5-29:19
39        android:name="com.easyfiler.MainApplication"
39-->src\main\AndroidManifest.xml:11:7-38
40        android:allowBackup="false"
40-->src\main\AndroidManifest.xml:15:7-34
41        android:appComponentFactory="androidx.core.app.CoreComponentFactory"
41-->[androidx.core:core:1.9.0] AndroidManifest.xml:28:18-86
42        android:extractNativeLibs="false"
43        android:icon="@mipmap/ic_launcher"
43-->src\main\AndroidManifest.xml:13:7-41
44        android:label="@string/app_name"
44-->src\main\AndroidManifest.xml:12:7-39
45        android:roundIcon="@mipmap/ic_launcher_round"
45-->src\main\AndroidManifest.xml:14:7-52
46        android:theme="@style/AppTheme" >
46-->src\main\AndroidManifest.xml:16:7-38
47        <activity
47-->src\main\AndroidManifest.xml:17:7-28:18
48            android:name="com.easyfiler.MainActivity"
48-->src\main\AndroidManifest.xml:18:9-37
49            android:configChanges="keyboard|keyboardHidden|orientation|screenLayout|screenSize|smallestScreenSize|uiMode"
49-->src\main\AndroidManifest.xml:20:9-118
50            android:exported="true"
50-->src\main\AndroidManifest.xml:23:9-32
51            android:label="@string/app_name"
51-->src\main\AndroidManifest.xml:19:9-41
52            android:launchMode="singleTask"
52-->src\main\AndroidManifest.xml:21:9-40
53            android:windowSoftInputMode="adjustResize" >
53-->src\main\AndroidManifest.xml:22:9-51
54            <intent-filter>
54-->src\main\AndroidManifest.xml:24:9-27:25
55                <action android:name="android.intent.action.MAIN" />
55-->src\main\AndroidManifest.xml:25:13-65
55-->src\main\AndroidManifest.xml:25:21-62
56
57                <category android:name="android.intent.category.LAUNCHER" />
57-->src\main\AndroidManifest.xml:26:13-73
57-->src\main\AndroidManifest.xml:26:23-70
58            </intent-filter>
59        </activity>
60
61        <provider
61-->[:react-native-image-crop-picker] AndroidManifest.xml:16:9-24:20
62            android:name="com.reactnative.ivpusic.imagepicker.IvpusicImagePickerFileProvider"
62-->[:react-native-image-crop-picker] AndroidManifest.xml:17:13-94
63            android:authorities="com.easyfiler.provider"
63-->[:react-native-image-crop-picker] AndroidManifest.xml:18:13-60
64            android:exported="false"
64-->[:react-native-image-crop-picker] AndroidManifest.xml:19:13-37
65            android:grantUriPermissions="true" >
65-->[:react-native-image-crop-picker] AndroidManifest.xml:20:13-47
66            <meta-data
66-->[:react-native-image-crop-picker] AndroidManifest.xml:21:13-23:78
67                android:name="android.support.FILE_PROVIDER_PATHS"
67-->[:react-native-image-crop-picker] AndroidManifest.xml:22:17-67
68                android:resource="@xml/ivpusic_imagepicker_provider_paths" />
68-->[:react-native-image-crop-picker] AndroidManifest.xml:23:17-75
69        </provider>
70
71        <activity
71-->[:react-native-image-crop-picker] AndroidManifest.xml:26:9-28:72
72            android:name="com.yalantis.ucrop.UCropActivity"
72-->[:react-native-image-crop-picker] AndroidManifest.xml:27:13-60
73            android:theme="@style/Theme.AppCompat.Light.NoActionBar" />
73-->[:react-native-image-crop-picker] AndroidManifest.xml:28:13-69
74
75        <meta-data
75-->[com.github.bumptech.glide:okhttp3-integration:4.12.0] AndroidManifest.xml:11:9-13:43
76            android:name="com.bumptech.glide.integration.okhttp3.OkHttpGlideModule"
76-->[com.github.bumptech.glide:okhttp3-integration:4.12.0] AndroidManifest.xml:12:13-84
77            android:value="GlideModule" />
77-->[com.github.bumptech.glide:okhttp3-integration:4.12.0] AndroidManifest.xml:13:13-40
78
79        <provider
79-->[androidx.emoji2:emoji2:1.2.0] AndroidManifest.xml:24:9-32:20
80            android:name="androidx.startup.InitializationProvider"
80-->[androidx.emoji2:emoji2:1.2.0] AndroidManifest.xml:25:13-67
81            android:authorities="com.easyfiler.androidx-startup"
81-->[androidx.emoji2:emoji2:1.2.0] AndroidManifest.xml:26:13-68
82            android:exported="false" >
82-->[androidx.emoji2:emoji2:1.2.0] AndroidManifest.xml:27:13-37
83            <meta-data
83-->[androidx.emoji2:emoji2:1.2.0] AndroidManifest.xml:29:13-31:52
84                android:name="androidx.emoji2.text.EmojiCompatInitializer"
84-->[androidx.emoji2:emoji2:1.2.0] AndroidManifest.xml:30:17-75
85                android:value="androidx.startup" />
85-->[androidx.emoji2:emoji2:1.2.0] AndroidManifest.xml:31:17-49
86            <meta-data
86-->[androidx.lifecycle:lifecycle-process:2.4.1] AndroidManifest.xml:31:13-33:52
87                android:name="androidx.lifecycle.ProcessLifecycleInitializer"
87-->[androidx.lifecycle:lifecycle-process:2.4.1] AndroidManifest.xml:32:17-78
88                android:value="androidx.startup" />
88-->[androidx.lifecycle:lifecycle-process:2.4.1] AndroidManifest.xml:33:17-49
89        </provider>
90
91        <meta-data
91-->[com.facebook.soloader:soloader:0.10.5] AndroidManifest.xml:12:9-14:37
92            android:name="com.facebook.soloader.enabled"
92-->[com.facebook.soloader:soloader:0.10.5] AndroidManifest.xml:13:13-57
93            android:value="false" />
93-->[com.facebook.soloader:soloader:0.10.5] AndroidManifest.xml:14:13-34
94    </application>
95
96</manifest>